[2023-01-11 13:12:29] local.ERROR: Method Illuminate\Database\Schema\Blueprint::int does not exist. {"exception":"[object] (BadMethodCallException(code: 0): Method Illuminate\\Database\\Schema\\Blueprint::int does not exist. at C:\\Users\\User\\Documents\\Rio\\TI\\Binus\\Materi Kuliah\\Sem 5\\Web Programming\\LAB\\webprog\\project\\MaiBoutique\\vendor\\laravel\\framework\\src\\Illuminate\\Macroable\\Traits\\Macroable.php:113)
[stacktrace]
#0 C:\\Users\\User\\Documents\\Rio\\TI\\Binus\\Materi Kuliah\\Sem 5\\Web Programming\\LAB\\webprog\\project\\MaiBoutique\\database\\migrations\\2023_01_11_093715_create_products_table.php(20): Illuminate\\Database\\Schema\\Blueprint->__call('int', Array)
#1 C:\\Users\\User\\Documents\\Rio\\TI\\Binus\\Materi Kuliah\\Sem 5\\Web Programming\\LAB\\webprog\\project\\MaiBoutique\\vendor\\laravel\\framework\\src\\Illuminate\\Database\\Schema\\Builder.php(284): Illuminate\\Database\\Migrations\\Migration@anonymous->{closure}(Object(Illuminate\\Database\\Schema\\Blueprint))
#2 C:\\Users\\User\\Documents\\Rio\\TI\\Binus\\Materi Kuliah\\Sem 5\\Web Programming\\LAB\\webprog\\project\\MaiBoutique\\vendor\\laravel\\framework\\src\\Illuminate\\Support\\helpers.php(306): Illuminate\\Database\\Schema\\Builder->Illuminate\\Database\\Schema\\{closure}(Object(Illuminate\\Database\\Schema\\Blueprint))
#3 C:\\Users\\User\\Documents\\Rio\\TI\\Binus\\Materi Kuliah\\Sem 5\\Web Programming\\LAB\\webprog\\project\\MaiBoutique\\vendor\\laravel\\framework\\src\\Illuminate\\Database\\Schema\\Builder.php(285): tap(Object(Illuminate\\Database\\Schema\\Blueprint), Object(Closure))
#4 C:\\Users\\User\\Documents\\Rio\\TI\\Binus\\Materi Kuliah\\Sem 5\\Web Programming\\LAB\\webprog\\project\\MaiBoutique\\vendor\\laravel\\framework\\src\\Illuminate\\Support\\Facades\\Facade.php(338): Illuminate\\Database\\Schema\\Builder->create('products', Object(Closure))
#5 C:\\Users\\User\\Documents\\Rio\\TI\\Binus\\Materi Kuliah\\Sem 5\\Web Programming\\LAB\\webprog\\project\\MaiBoutique\\database\\migrations\\2023_01_11_093715_create_products_table.php(22): Illuminate\\Support\\Facades\\Facade::__callStatic('create', Array)
#6 C:\\Users\\User\\Documents\\Rio\\TI\\Binus\\Materi Kuliah\\Sem 5\\Web Programming\\LAB\\webprog\\project\\MaiBoutique\\vendor\\laravel\\framework\\src\\Illuminate\\Database\\Migrations\\Migrator.php(481): Illuminate\\Database\\Migrations\\Migration@anonymous->up()
#7 C:\\Users\\User\\Documents\\Rio\\TI\\Binus\\Materi Kuliah\\Sem 5\\Web Programming\\LAB\\webprog\\project\\MaiBoutique\\vendor\\laravel\\framework\\src\\Illuminate\\Database\\Migrations\\Migrator.php(399): Illuminate\\Database\\Migrations\\Migrator->runMethod(Object(Illuminate\\Database\\MySqlConnection), Object(Illuminate\\Database\\Migrations\\Migration@anonymous), 'up')
#8 C:\\Users\\User\\Documents\\Rio\\TI\\Binus\\Materi Kuliah\\Sem 5\\Web Programming\\LAB\\webprog\\project\\MaiBoutique\\vendor\\laravel\\framework\\src\\Illuminate\\Database\\Migrations\\Migrator.php(408): Illuminate\\Database\\Migrations\\Migrator->Illuminate\\Database\\Migrations\\{closure}()
#9 C:\\Users\\User\\Documents\\Rio\\TI\\Binus\\Materi Kuliah\\Sem 5\\Web Programming\\LAB\\webprog\\project\\MaiBoutique\\vendor\\laravel\\framework\\src\\Illuminate\\Database\\Migrations\\Migrator.php(209): Illuminate\\Database\\Migrations\\Migrator->runMigration(Object(Illuminate\\Database\\Migrations\\Migration@anonymous), 'up')
#10 C:\\Users\\User\\Documents\\Rio\\TI\\Binus\\Materi Kuliah\\Sem 5\\Web Programming\\LAB\\webprog\\project\\MaiBoutique\\vendor\\laravel\\framework\\src\\Illuminate\\Console\\View\\Components\\Task.php(36): Illuminate\\Database\\Migrations\\Migrator->Illuminate\\Database\\Migrations\\{closure}()
#11 C:\\Users\\User\\Documents\\Rio\\TI\\Binus\\Materi Kuliah\\Sem 5\\Web Programming\\LAB\\webprog\\project\\MaiBoutique\\vendor\\laravel\\framework\\src\\Illuminate\\Database\\Migrations\\Migrator.php(738): Illuminate\\Console\\View\\Components\\Task->render('2023_01_11_0937...', Object(Closure))
#12 C:\\Users\\User\\Documents\\Rio\\TI\\Binus\\Materi Kuliah\\Sem 5\\Web Programming\\LAB\\webprog\\project\\MaiBoutique\\vendor\\laravel\\framework\\src\\Illuminate\\Database\\Migrations\\Migrator.php(209): Illuminate\\Database\\Migrations\\Migrator->write('Illuminate\\\\Cons...', '2023_01_11_0937...', Object(Closure))
#13 C:\\Users\\User\\Documents\\Rio\\TI\\Binus\\Materi Kuliah\\Sem 5\\Web Programming\\LAB\\webprog\\project\\MaiBoutique\\vendor\\laravel\\framework\\src\\Illuminate\\Database\\Migrations\\Migrator.php(174): Illuminate\\Database\\Migrations\\Migrator->runUp('C:\\\\Users\\\\User\\\\D...', 1, false)
#14 C:\\Users\\User\\Documents\\Rio\\TI\\Binus\\Materi Kuliah\\Sem 5\\Web Programming\\LAB\\webprog\\project\\MaiBoutique\\vendor\\laravel\\framework\\src\\Illuminate\\Database\\Migrations\\Migrator.php(117): Illuminate\\Database\\Migrations\\Migrator->runPending(Array, Array)
#15 C:\\Users\\User\\Documents\\Rio\\TI\\Binus\\Materi Kuliah\\Sem 5\\Web Programming\\LAB\\webprog\\project\\MaiBoutique\\vendor\\laravel\\framework\\src\\Illuminate\\Database\\Console\\Migrations\\MigrateCommand.php(90): Illuminate\\Database\\Migrations\\Migrator->run(Array, Array)
#16 C:\\Users\\User\\Documents\\Rio\\TI\\Binus\\Materi Kuliah\\Sem 5\\Web Programming\\LAB\\webprog\\project\\MaiBoutique\\vendor\\laravel\\framework\\src\\Illuminate\\Database\\Migrations\\Migrator.php(615): Illuminate\\Database\\Console\\Migrations\\MigrateCommand->Illuminate\\Database\\Console\\Migrations\\{closure}()
#17 C:\\Users\\User\\Documents\\Rio\\TI\\Binus\\Materi Kuliah\\Sem 5\\Web Programming\\LAB\\webprog\\project\\MaiBoutique\\vendor\\laravel\\framework\\src\\Illuminate\\Database\\Console\\Migrations\\MigrateCommand.php(102): Illuminate\\Database\\Migrations\\Migrator->usingConnection(NULL, Object(Closure))
#18 C:\\Users\\User\\Documents\\Rio\\TI\\Binus\\Materi Kuliah\\Sem 5\\Web Programming\\LAB\\webprog\\project\\MaiBoutique\\vendor\\laravel\\framework\\src\\Illuminate\\Container\\BoundMethod.php(36): Illuminate\\Database\\Console\\Migrations\\MigrateCommand->handle()
#19 C:\\Users\\User\\Documents\\Rio\\TI\\Binus\\Materi Kuliah\\Sem 5\\Web Programming\\LAB\\webprog\\project\\MaiBoutique\\vendor\\laravel\\framework\\src\\Illuminate\\Container\\Util.php(41): Illuminate\\Container\\BoundMethod::Illuminate\\Container\\{closure}()
#20 C:\\Users\\User\\Documents\\Rio\\TI\\Binus\\Materi Kuliah\\Sem 5\\Web Programming\\LAB\\webprog\\project\\MaiBoutique\\vendor\\laravel\\framework\\src\\Illuminate\\Container\\BoundMethod.php(93): Illuminate\\Container\\Util::unwrapIfClosure(Object(Closure))
#21 C:\\Users\\User\\Documents\\Rio\\TI\\Binus\\Materi Kuliah\\Sem 5\\Web Programming\\LAB\\webprog\\project\\MaiBoutique\\vendor\\laravel\\framework\\src\\Illuminate\\Container\\BoundMethod.php(37): Illuminate\\Container\\BoundMethod::callBoundMethod(Object(Illuminate\\Foundation\\Application), Array, Object(Closure))
#22 C:\\Users\\User\\Documents\\Rio\\TI\\Binus\\Materi Kuliah\\Sem 5\\Web Programming\\LAB\\webprog\\project\\MaiBoutique\\vendor\\laravel\\framework\\src\\Illuminate\\Container\\Container.php(651): Illuminate\\Container\\BoundMethod::call(Object(Illuminate\\Foundation\\Application), Array, Array, NULL)
#23 C:\\Users\\User\\Documents\\Rio\\TI\\Binus\\Materi Kuliah\\Sem 5\\Web Programming\\LAB\\webprog\\project\\MaiBoutique\\vendor\\laravel\\framework\\src\\Illuminate\\Console\\Command.php(182): Illuminate\\Container\\Container->call(Array)
#24 C:\\Users\\User\\Documents\\Rio\\TI\\Binus\\Materi Kuliah\\Sem 5\\Web Programming\\LAB\\webprog\\project\\MaiBoutique\\vendor\\symfony\\console\\Command\\Command.php(291): Illuminate\\Console\\Command->execute(Object(Symfony\\Component\\Console\\Input\\ArgvInput), Object(Illuminate\\Console\\OutputStyle))
#25 C:\\Users\\User\\Documents\\Rio\\TI\\Binus\\Materi Kuliah\\Sem 5\\Web Programming\\LAB\\webprog\\project\\MaiBoutique\\vendor\\laravel\\framework\\src\\Illuminate\\Console\\Command.php(152): Symfony\\Component\\Console\\Command\\Command->run(Object(Symfony\\Component\\Console\\Input\\ArgvInput), Object(Illuminate\\Console\\OutputStyle))
#26 C:\\Users\\User\\Documents\\Rio\\TI\\Binus\\Materi Kuliah\\Sem 5\\Web Programming\\LAB\\webprog\\project\\MaiBoutique\\vendor\\symfony\\console\\Application.php(1014): Illuminate\\Console\\Command->run(Object(Symfony\\Component\\Console\\Input\\ArgvInput), Object(Symfony\\Component\\Console\\Output\\ConsoleOutput))
#27 C:\\Users\\User\\Documents\\Rio\\TI\\Binus\\Materi Kuliah\\Sem 5\\Web Programming\\LAB\\webprog\\project\\MaiBoutique\\vendor\\symfony\\console\\Application.php(301): Symfony\\Component\\Console\\Application->doRunCommand(Object(Illuminate\\Database\\Console\\Migrations\\MigrateCommand), Object(Symfony\\Component\\Console\\Input\\ArgvInput), Object(Symfony\\Component\\Console\\Output\\ConsoleOutput))
#28 C:\\Users\\User\\Documents\\Rio\\TI\\Binus\\Materi Kuliah\\Sem 5\\Web Programming\\LAB\\webprog\\project\\MaiBoutique\\vendor\\symfony\\console\\Application.php(171): Symfony\\Component\\Console\\Application->doRun(Object(Symfony\\Component\\Console\\Input\\ArgvInput), Object(Symfony\\Component\\Console\\Output\\ConsoleOutput))
#29 C:\\Users\\User\\Documents\\Rio\\TI\\Binus\\Materi Kuliah\\Sem 5\\Web Programming\\LAB\\webprog\\project\\MaiBoutique\\vendor\\laravel\\framework\\src\\Illuminate\\Console\\Application.php(102): Symfony\\Component\\Console\\Application->run(Object(Symfony\\Component\\Console\\Input\\ArgvInput), Object(Symfony\\Component\\Console\\Output\\ConsoleOutput))
#30 C:\\Users\\User\\Documents\\Rio\\TI\\Binus\\Materi Kuliah\\Sem 5\\Web Programming\\LAB\\webprog\\project\\MaiBoutique\\vendor\\laravel\\framework\\src\\Illuminate\\Foundation\\Console\\Kernel.php(155): Illuminate\\Console\\Application->run(Object(Symfony\\Component\\Console\\Input\\ArgvInput), Object(Symfony\\Component\\Console\\Output\\ConsoleOutput))
#31 C:\\Users\\User\\Documents\\Rio\\TI\\Binus\\Materi Kuliah\\Sem 5\\Web Programming\\LAB\\webprog\\project\\MaiBoutique\\artisan(37): Illuminate\\Foundation\\Console\\Kernel->handle(Object(Symfony\\Component\\Console\\Input\\ArgvInput), Object(Symfony\\Component\\Console\\Output\\ConsoleOutput))
#32 {main}
"} 
